2025-10-28 17:21:26,823 - INFO - Starting Telegram monitor...
2025-10-28 17:21:26,824 - INFO - Connecting to 91.108.56.200:443/TcpFull...
2025-10-28 17:21:26,920 - INFO - Connection to 91.108.56.200:443/TcpFull complete!
2025-10-28 17:21:27,638 - INFO - Monitoring group: -4919334395
2025-10-28 17:22:01,758 - INFO - Telegram bot is running...
2025-10-28 17:22:02,419 - INFO - HTTP Request: POST https://api.telegram.org/bot8331159093:AAEHge-3YbJuBlACgxbRQ2k1JEg15SkEJPE/getMe "HTTP/1.1 200 OK"
2025-10-28 17:22:02,576 - INFO - HTTP Request: POST https://api.telegram.org/bot8331159093:AAEHge-3YbJuBlACgxbRQ2k1JEg15SkEJPE/deleteWebhook "HTTP/1.1 200 OK"
2025-10-28 17:22:02,578 - INFO - Scheduler started
2025-10-28 17:22:02,579 - INFO - Application started
2025-10-28 17:22:13,052 - INFO - HTTP Request: POST https://api.telegram.org/bot8331159093:AAEHge-3YbJuBlACgxbRQ2k1JEg15SkEJPE/getUpdates "HTTP/1.1 200 OK"
2025-10-28 17:22:23,211 - INFO - HTTP Request: POST https://api.telegram.org/bot8331159093:AAEHge-3YbJuBlACgxbRQ2k1JEg15SkEJPE/getUpdates "HTTP/1.1 200 OK"
2025-10-28 17:22:33,364 - INFO - HTTP Request: POST https://api.telegram.org/bot8331159093:AAEHge-3YbJuBlACgxbRQ2k1JEg15SkEJPE/getUpdates "HTTP/1.1 200 OK"
2025-10-28 17:22:43,517 - INFO - HTTP Request: POST https://api.telegram.org/bot8331159093:AAEHge-3YbJuBlACgxbRQ2k1JEg15SkEJPE/getUpdates "HTTP/1.1 200 OK"
2025-10-28 17:22:53,671 - INFO - HTTP Request: POST https://api.telegram.org/bot8331159093:AAEHge-3YbJuBlACgxbRQ2k1JEg15SkEJPE/getUpdates "HTTP/1.1 200 OK"
2025-10-28 17:23:02,879 - INFO - New message received: 105395
2025-10-28 17:23:03,826 - INFO - HTTP Request: POST https://api.telegram.org/bot8331159093:AAEHge-3YbJuBlACgxbRQ2k1JEg15SkEJPE/getUpdates "HTTP/1.1 200 OK"
2025-10-28 17:23:13,981 - INFO - HTTP Request: POST https://api.telegram.org/bot8331159093:AAEHge-3YbJuBlACgxbRQ2k1JEg15SkEJPE/getUpdates "HTTP/1.1 200 OK"
2025-10-28 17:23:24,136 - INFO - HTTP Request: POST https://api.telegram.org/bot8331159093:AAEHge-3YbJuBlACgxbRQ2k1JEg15SkEJPE/getUpdates "HTTP/1.1 200 OK"
2025-10-28 17:23:34,289 - INFO - HTTP Request: POST https://api.telegram.org/bot8331159093:AAEHge-3YbJuBlACgxbRQ2k1JEg15SkEJPE/getUpdates "HTTP/1.1 200 OK"
2025-10-28 17:23:44,445 - INFO - HTTP Request: POST https://api.telegram.org/bot8331159093:AAEHge-3YbJuBlACgxbRQ2k1JEg15SkEJPE/getUpdates "HTTP/1.1 200 OK"
2025-10-28 17:23:54,598 - INFO - HTTP Request: POST https://api.telegram.org/bot8331159093:AAEHge-3YbJuBlACgxbRQ2k1JEg15SkEJPE/getUpdates "HTTP/1.1 200 OK"
2025-10-28 17:24:04,753 - INFO - HTTP Request: POST https://api.telegram.org/bot8331159093:AAEHge-3YbJuBlACgxbRQ2k1JEg15SkEJPE/getUpdates "HTTP/1.1 200 OK"
2025-10-28 17:24:14,909 - INFO - HTTP Request: POST https://api.telegram.org/bot8331159093:AAEHge-3YbJuBlACgxbRQ2k1JEg15SkEJPE/getUpdates "HTTP/1.1 200 OK"
2025-10-28 17:24:25,063 - INFO - HTTP Request: POST https://api.telegram.org/bot8331159093:AAEHge-3YbJuBlACgxbRQ2k1JEg15SkEJPE/getUpdates "HTTP/1.1 200 OK"
2025-10-28 17:24:35,219 - INFO - HTTP Request: POST https://api.telegram.org/bot8331159093:AAEHge-3YbJuBlACgxbRQ2k1JEg15SkEJPE/getUpdates "HTTP/1.1 200 OK"
2025-10-28 17:24:45,381 - INFO - HTTP Request: POST https://api.telegram.org/bot8331159093:AAEHge-3YbJuBlACgxbRQ2k1JEg15SkEJPE/getUpdates "HTTP/1.1 200 OK"
2025-10-28 17:24:55,539 - INFO - HTTP Request: POST https://api.telegram.org/bot8331159093:AAEHge-3YbJuBlACgxbRQ2k1JEg15SkEJPE/getUpdates "HTTP/1.1 200 OK"
2025-10-28 17:25:05,694 - INFO - HTTP Request: POST https://api.telegram.org/bot8331159093:AAEHge-3YbJuBlACgxbRQ2k1JEg15SkEJPE/getUpdates "HTTP/1.1 200 OK"
2025-10-28 17:25:15,850 - INFO - HTTP Request: POST https://api.telegram.org/bot8331159093:AAEHge-3YbJuBlACgxbRQ2k1JEg15SkEJPE/getUpdates "HTTP/1.1 200 OK"
2025-10-28 17:25:26,009 - INFO - HTTP Request: POST https://api.telegram.org/bot8331159093:AAEHge-3YbJuBlACgxbRQ2k1JEg15SkEJPE/getUpdates "HTTP/1.1 200 OK"
2025-10-28 17:25:36,206 - INFO - HTTP Request: POST https://api.telegram.org/bot8331159093:AAEHge-3YbJuBlACgxbRQ2k1JEg15SkEJPE/getUpdates "HTTP/1.1 200 OK"
2025-10-28 17:25:46,363 - INFO - HTTP Request: POST https://api.telegram.org/bot8331159093:AAEHge-3YbJuBlACgxbRQ2k1JEg15SkEJPE/getUpdates "HTTP/1.1 200 OK"
2025-10-28 17:25:56,523 - INFO - HTTP Request: POST https://api.telegram.org/bot8331159093:AAEHge-3YbJuBlACgxbRQ2k1JEg15SkEJPE/getUpdates "HTTP/1.1 200 OK"
2025-10-28 17:26:06,676 - INFO - HTTP Request: POST https://api.telegram.org/bot8331159093:AAEHge-3YbJuBlACgxbRQ2k1JEg15SkEJPE/getUpdates "HTTP/1.1 200 OK"
2025-10-28 17:26:16,833 - INFO - HTTP Request: POST https://api.telegram.org/bot8331159093:AAEHge-3YbJuBlACgxbRQ2k1JEg15SkEJPE/getUpdates "HTTP/1.1 200 OK"
2025-10-28 17:26:26,995 - INFO - HTTP Request: POST https://api.telegram.org/bot8331159093:AAEHge-3YbJuBlACgxbRQ2k1JEg15SkEJPE/getUpdates "HTTP/1.1 200 OK"
2025-10-28 17:26:33,399 - INFO - HTTP Request: POST https://api.telegram.org/bot8331159093:AAEHge-3YbJuBlACgxbRQ2k1JEg15SkEJPE/getUpdates "HTTP/1.1 200 OK"
2025-10-28 17:26:33,403 - INFO - Received update: Update(message=Message(channel_chat_created=False, chat=Chat(first_name='harlem', id=679484400, type=<ChatType.PRIVATE>, username='harlemshake0001'), date=datetime.datetime(2025, 10, 28, 11, 56, 33, tzinfo=datetime.timezone.utc), delete_chat_photo=False, entities=(MessageEntity(length=8, offset=0, type=<MessageEntityType.BOT_COMMAND>),), from_user=User(first_name='harlem', id=679484400, is_bot=False, language_code='en', username='harlemshake0001'), group_chat_created=False, message_id=28, supergroup_chat_created=False, text='/process'), update_id=376291356)
2025-10-28 17:26:34,078 - INFO - HTTP Request: POST https://api.telegram.org/bot8331159093:AAEHge-3YbJuBlACgxbRQ2k1JEg15SkEJPE/sendMessage "HTTP/1.1 200 OK"
2025-10-28 17:26:34,079 - INFO - Starting job processing...
2025-10-28 17:26:43,556 - INFO - HTTP Request: POST https://api.telegram.org/bot8331159093:AAEHge-3YbJuBlACgxbRQ2k1JEg15SkEJPE/getUpdates "HTTP/1.1 200 OK"
2025-10-28 17:26:53,529 - INFO - Processed message 6 and found 5 jobs.
2025-10-28 17:26:53,713 - INFO - HTTP Request: POST https://api.telegram.org/bot8331159093:AAEHge-3YbJuBlACgxbRQ2k1JEg15SkEJPE/getUpdates "HTTP/1.1 200 OK"
2025-10-28 17:26:54,233 - INFO - HTTP Request: POST https://api.telegram.org/bot8331159093:AAEHge-3YbJuBlACgxbRQ2k1JEg15SkEJPE/sendMessage "HTTP/1.1 200 OK"
2025-10-28 17:27:03,869 - INFO - HTTP Request: POST https://api.telegram.org/bot8331159093:AAEHge-3YbJuBlACgxbRQ2k1JEg15SkEJPE/getUpdates "HTTP/1.1 200 OK"
2025-10-28 17:27:14,025 - INFO - HTTP Request: POST https://api.telegram.org/bot8331159093:AAEHge-3YbJuBlACgxbRQ2k1JEg15SkEJPE/getUpdates "HTTP/1.1 200 OK"
2025-10-28 17:27:24,180 - INFO - HTTP Request: POST https://api.telegram.org/bot8331159093:AAEHge-3YbJuBlACgxbRQ2k1JEg15SkEJPE/getUpdates "HTTP/1.1 200 OK"
2025-10-28 17:27:34,349 - INFO - HTTP Request: POST https://api.telegram.org/bot8331159093:AAEHge-3YbJuBlACgxbRQ2k1JEg15SkEJPE/getUpdates "HTTP/1.1 200 OK"
2025-10-28 17:27:44,503 - INFO - HTTP Request: POST https://api.telegram.org/bot8331159093:AAEHge-3YbJuBlACgxbRQ2k1JEg15SkEJPE/getUpdates "HTTP/1.1 200 OK"
2025-10-28 17:27:54,658 - INFO - HTTP Request: POST https://api.telegram.org/bot8331159093:AAEHge-3YbJuBlACgxbRQ2k1JEg15SkEJPE/getUpdates "HTTP/1.1 200 OK"
2025-10-28 17:28:01,703 - INFO - HTTP Request: POST https://api.telegram.org/bot8331159093:AAEHge-3YbJuBlACgxbRQ2k1JEg15SkEJPE/getUpdates "HTTP/1.1 200 OK"
2025-10-28 17:28:01,706 - INFO - Received update: Update(message=Message(channel_chat_created=False, chat=Chat(first_name='harlem', id=679484400, type=<ChatType.PRIVATE>, username='harlemshake0001'), date=datetime.datetime(2025, 10, 28, 11, 58, 2, tzinfo=datetime.timezone.utc), delete_chat_photo=False, entities=(MessageEntity(length=7, offset=0, type=<MessageEntityType.BOT_COMMAND>),), from_user=User(first_name='harlem', id=679484400, is_bot=False, language_code='en', username='harlemshake0001'), group_chat_created=False, message_id=32, supergroup_chat_created=False, text='/export'), update_id=376291357)
2025-10-28 17:28:02,411 - INFO - HTTP Request: POST https://api.telegram.org/bot8331159093:AAEHge-3YbJuBlACgxbRQ2k1JEg15SkEJPE/sendMessage "HTTP/1.1 200 OK"
2025-10-28 17:28:03,185 - INFO - HTTP Request: POST https://api.telegram.org/bot8331159093:AAEHge-3YbJuBlACgxbRQ2k1JEg15SkEJPE/sendDocument "HTTP/1.1 200 OK"
2025-10-28 17:28:11,861 - INFO - HTTP Request: POST https://api.telegram.org/bot8331159093:AAEHge-3YbJuBlACgxbRQ2k1JEg15SkEJPE/getUpdates "HTTP/1.1 200 OK"
2025-10-28 17:28:22,027 - INFO - HTTP Request: POST https://api.telegram.org/bot8331159093:AAEHge-3YbJuBlACgxbRQ2k1JEg15SkEJPE/getUpdates "HTTP/1.1 200 OK"
2025-10-28 17:28:32,181 - INFO - HTTP Request: POST https://api.telegram.org/bot8331159093:AAEHge-3YbJuBlACgxbRQ2k1JEg15SkEJPE/getUpdates "HTTP/1.1 200 OK"
2025-10-28 17:28:42,335 - INFO - HTTP Request: POST https://api.telegram.org/bot8331159093:AAEHge-3YbJuBlACgxbRQ2k1JEg15SkEJPE/getUpdates "HTTP/1.1 200 OK"
2025-10-28 17:28:52,514 - INFO - HTTP Request: POST https://api.telegram.org/bot8331159093:AAEHge-3YbJuBlACgxbRQ2k1JEg15SkEJPE/getUpdates "HTTP/1.1 200 OK"
2025-10-28 17:29:02,670 - INFO - HTTP Request: POST https://api.telegram.org/bot8331159093:AAEHge-3YbJuBlACgxbRQ2k1JEg15SkEJPE/getUpdates "HTTP/1.1 200 OK"
2025-10-28 17:29:12,825 - INFO - HTTP Request: POST https://api.telegram.org/bot8331159093:AAEHge-3YbJuBlACgxbRQ2k1JEg15SkEJPE/getUpdates "HTTP/1.1 200 OK"
2025-10-28 17:29:22,983 - INFO - HTTP Request: POST https://api.telegram.org/bot8331159093:AAEHge-3YbJuBlACgxbRQ2k1JEg15SkEJPE/getUpdates "HTTP/1.1 200 OK"
2025-10-28 17:29:33,139 - INFO - HTTP Request: POST https://api.telegram.org/bot8331159093:AAEHge-3YbJuBlACgxbRQ2k1JEg15SkEJPE/getUpdates "HTTP/1.1 200 OK"
2025-10-28 17:29:43,294 - INFO - HTTP Request: POST https://api.telegram.org/bot8331159093:AAEHge-3YbJuBlACgxbRQ2k1JEg15SkEJPE/getUpdates "HTTP/1.1 200 OK"
2025-10-28 17:29:53,450 - INFO - HTTP Request: POST https://api.telegram.org/bot8331159093:AAEHge-3YbJuBlACgxbRQ2k1JEg15SkEJPE/getUpdates "HTTP/1.1 200 OK"
2025-10-28 17:30:03,603 - INFO - HTTP Request: POST https://api.telegram.org/bot8331159093:AAEHge-3YbJuBlACgxbRQ2k1JEg15SkEJPE/getUpdates "HTTP/1.1 200 OK"
2025-10-28 17:30:13,758 - INFO - HTTP Request: POST https://api.telegram.org/bot8331159093:AAEHge-3YbJuBlACgxbRQ2k1JEg15SkEJPE/getUpdates "HTTP/1.1 200 OK"
2025-10-28 17:30:23,914 - INFO - HTTP Request: POST https://api.telegram.org/bot8331159093:AAEHge-3YbJuBlACgxbRQ2k1JEg15SkEJPE/getUpdates "HTTP/1.1 200 OK"
2025-10-28 17:30:34,075 - INFO - HTTP Request: POST https://api.telegram.org/bot8331159093:AAEHge-3YbJuBlACgxbRQ2k1JEg15SkEJPE/getUpdates "HTTP/1.1 200 OK"
2025-10-28 17:30:44,228 - INFO - HTTP Request: POST https://api.telegram.org/bot8331159093:AAEHge-3YbJuBlACgxbRQ2k1JEg15SkEJPE/getUpdates "HTTP/1.1 200 OK"
2025-10-28 17:30:54,402 - INFO - HTTP Request: POST https://api.telegram.org/bot8331159093:AAEHge-3YbJuBlACgxbRQ2k1JEg15SkEJPE/getUpdates "HTTP/1.1 200 OK"
2025-10-28 17:31:04,561 - INFO - HTTP Request: POST https://api.telegram.org/bot8331159093:AAEHge-3YbJuBlACgxbRQ2k1JEg15SkEJPE/getUpdates "HTTP/1.1 200 OK"
2025-10-28 17:31:14,721 - INFO - HTTP Request: POST https://api.telegram.org/bot8331159093:AAEHge-3YbJuBlACgxbRQ2k1JEg15SkEJPE/getUpdates "HTTP/1.1 200 OK"
2025-10-28 17:31:24,879 - INFO - HTTP Request: POST https://api.telegram.org/bot8331159093:AAEHge-3YbJuBlACgxbRQ2k1JEg15SkEJPE/getUpdates "HTTP/1.1 200 OK"
2025-10-28 17:31:35,036 - INFO - HTTP Request: POST https://api.telegram.org/bot8331159093:AAEHge-3YbJuBlACgxbRQ2k1JEg15SkEJPE/getUpdates "HTTP/1.1 200 OK"
2025-10-28 17:31:45,193 - INFO - HTTP Request: POST https://api.telegram.org/bot8331159093:AAEHge-3YbJuBlACgxbRQ2k1JEg15SkEJPE/getUpdates "HTTP/1.1 200 OK"
2025-10-28 17:31:55,347 - INFO - HTTP Request: POST https://api.telegram.org/bot8331159093:AAEHge-3YbJuBlACgxbRQ2k1JEg15SkEJPE/getUpdates "HTTP/1.1 200 OK"
2025-10-28 17:32:05,502 - INFO - HTTP Request: POST https://api.telegram.org/bot8331159093:AAEHge-3YbJuBlACgxbRQ2k1JEg15SkEJPE/getUpdates "HTTP/1.1 200 OK"
2025-10-28 17:32:15,657 - INFO - HTTP Request: POST https://api.telegram.org/bot8331159093:AAEHge-3YbJuBlACgxbRQ2k1JEg15SkEJPE/getUpdates "HTTP/1.1 200 OK"
2025-10-28 17:32:25,819 - INFO - HTTP Request: POST https://api.telegram.org/bot8331159093:AAEHge-3YbJuBlACgxbRQ2k1JEg15SkEJPE/getUpdates "HTTP/1.1 200 OK"
2025-10-28 17:32:35,972 - INFO - HTTP Request: POST https://api.telegram.org/bot8331159093:AAEHge-3YbJuBlACgxbRQ2k1JEg15SkEJPE/getUpdates "HTTP/1.1 200 OK"
2025-10-28 17:32:46,125 - INFO - HTTP Request: POST https://api.telegram.org/bot8331159093:AAEHge-3YbJuBlACgxbRQ2k1JEg15SkEJPE/getUpdates "HTTP/1.1 200 OK"
2025-10-28 17:32:56,282 - INFO - HTTP Request: POST https://api.telegram.org/bot8331159093:AAEHge-3YbJuBlACgxbRQ2k1JEg15SkEJPE/getUpdates "HTTP/1.1 200 OK"
2025-10-28 17:33:06,435 - INFO - HTTP Request: POST https://api.telegram.org/bot8331159093:AAEHge-3YbJuBlACgxbRQ2k1JEg15SkEJPE/getUpdates "HTTP/1.1 200 OK"
2025-10-28 17:33:16,592 - INFO - HTTP Request: POST https://api.telegram.org/bot8331159093:AAEHge-3YbJuBlACgxbRQ2k1JEg15SkEJPE/getUpdates "HTTP/1.1 200 OK"
2025-10-28 17:33:26,746 - INFO - HTTP Request: POST https://api.telegram.org/bot8331159093:AAEHge-3YbJuBlACgxbRQ2k1JEg15SkEJPE/getUpdates "HTTP/1.1 200 OK"
2025-10-28 17:33:36,911 - INFO - HTTP Request: POST https://api.telegram.org/bot8331159093:AAEHge-3YbJuBlACgxbRQ2k1JEg15SkEJPE/getUpdates "HTTP/1.1 200 OK"
2025-10-28 17:33:47,064 - INFO - HTTP Request: POST https://api.telegram.org/bot8331159093:AAEHge-3YbJuBlACgxbRQ2k1JEg15SkEJPE/getUpdates "HTTP/1.1 200 OK"
2025-10-28 17:33:57,219 - INFO - HTTP Request: POST https://api.telegram.org/bot8331159093:AAEHge-3YbJuBlACgxbRQ2k1JEg15SkEJPE/getUpdates "HTTP/1.1 200 OK"
2025-10-28 17:34:07,377 - INFO - HTTP Request: POST https://api.telegram.org/bot8331159093:AAEHge-3YbJuBlACgxbRQ2k1JEg15SkEJPE/getUpdates "HTTP/1.1 200 OK"
2025-10-28 17:34:17,532 - INFO - HTTP Request: POST https://api.telegram.org/bot8331159093:AAEHge-3YbJuBlACgxbRQ2k1JEg15SkEJPE/getUpdates "HTTP/1.1 200 OK"
2025-10-28 17:34:27,687 - INFO - HTTP Request: POST https://api.telegram.org/bot8331159093:AAEHge-3YbJuBlACgxbRQ2k1JEg15SkEJPE/getUpdates "HTTP/1.1 200 OK"
2025-10-28 17:34:37,844 - INFO - HTTP Request: POST https://api.telegram.org/bot8331159093:AAEHge-3YbJuBlACgxbRQ2k1JEg15SkEJPE/getUpdates "HTTP/1.1 200 OK"
2025-10-28 17:34:47,998 - INFO - HTTP Request: POST https://api.telegram.org/bot8331159093:AAEHge-3YbJuBlACgxbRQ2k1JEg15SkEJPE/getUpdates "HTTP/1.1 200 OK"
2025-10-28 17:34:58,154 - INFO - HTTP Request: POST https://api.telegram.org/bot8331159093:AAEHge-3YbJuBlACgxbRQ2k1JEg15SkEJPE/getUpdates "HTTP/1.1 200 OK"
2025-10-28 17:35:08,311 - INFO - HTTP Request: POST https://api.telegram.org/bot8331159093:AAEHge-3YbJuBlACgxbRQ2k1JEg15SkEJPE/getUpdates "HTTP/1.1 200 OK"
2025-10-28 17:35:18,479 - INFO - HTTP Request: POST https://api.telegram.org/bot8331159093:AAEHge-3YbJuBlACgxbRQ2k1JEg15SkEJPE/getUpdates "HTTP/1.1 200 OK"
2025-10-28 17:35:28,633 - INFO - HTTP Request: POST https://api.telegram.org/bot8331159093:AAEHge-3YbJuBlACgxbRQ2k1JEg15SkEJPE/getUpdates "HTTP/1.1 200 OK"
2025-10-28 17:35:38,787 - INFO - HTTP Request: POST https://api.telegram.org/bot8331159093:AAEHge-3YbJuBlACgxbRQ2k1JEg15SkEJPE/getUpdates "HTTP/1.1 200 OK"
2025-10-28 17:35:48,940 - INFO - HTTP Request: POST https://api.telegram.org/bot8331159093:AAEHge-3YbJuBlACgxbRQ2k1JEg15SkEJPE/getUpdates "HTTP/1.1 200 OK"
2025-10-28 17:35:59,100 - INFO - HTTP Request: POST https://api.telegram.org/bot8331159093:AAEHge-3YbJuBlACgxbRQ2k1JEg15SkEJPE/getUpdates "HTTP/1.1 200 OK"
2025-10-28 17:36:09,260 - INFO - HTTP Request: POST https://api.telegram.org/bot8331159093:AAEHge-3YbJuBlACgxbRQ2k1JEg15SkEJPE/getUpdates "HTTP/1.1 200 OK"
2025-10-28 17:36:19,412 - INFO - HTTP Request: POST https://api.telegram.org/bot8331159093:AAEHge-3YbJuBlACgxbRQ2k1JEg15SkEJPE/getUpdates "HTTP/1.1 200 OK"
2025-10-28 17:36:29,569 - INFO - HTTP Request: POST https://api.telegram.org/bot8331159093:AAEHge-3YbJuBlACgxbRQ2k1JEg15SkEJPE/getUpdates "HTTP/1.1 200 OK"
2025-10-28 17:36:39,726 - INFO - HTTP Request: POST https://api.telegram.org/bot8331159093:AAEHge-3YbJuBlACgxbRQ2k1JEg15SkEJPE/getUpdates "HTTP/1.1 200 OK"
2025-10-28 17:36:49,881 - INFO - HTTP Request: POST https://api.telegram.org/bot8331159093:AAEHge-3YbJuBlACgxbRQ2k1JEg15SkEJPE/getUpdates "HTTP/1.1 200 OK"
2025-10-28 17:37:00,038 - INFO - HTTP Request: POST https://api.telegram.org/bot8331159093:AAEHge-3YbJuBlACgxbRQ2k1JEg15SkEJPE/getUpdates "HTTP/1.1 200 OK"
2025-10-28 17:37:10,199 - INFO - HTTP Request: POST https://api.telegram.org/bot8331159093:AAEHge-3YbJuBlACgxbRQ2k1JEg15SkEJPE/getUpdates "HTTP/1.1 200 OK"
2025-10-28 17:37:20,354 - INFO - HTTP Request: POST https://api.telegram.org/bot8331159093:AAEHge-3YbJuBlACgxbRQ2k1JEg15SkEJPE/getUpdates "HTTP/1.1 200 OK"
2025-10-28 17:37:30,507 - INFO - HTTP Request: POST https://api.telegram.org/bot8331159093:AAEHge-3YbJuBlACgxbRQ2k1JEg15SkEJPE/getUpdates "HTTP/1.1 200 OK"
2025-10-28 17:37:40,660 - INFO - HTTP Request: POST https://api.telegram.org/bot8331159093:AAEHge-3YbJuBlACgxbRQ2k1JEg15SkEJPE/getUpdates "HTTP/1.1 200 OK"
2025-10-28 17:37:50,814 - INFO - HTTP Request: POST https://api.telegram.org/bot8331159093:AAEHge-3YbJuBlACgxbRQ2k1JEg15SkEJPE/getUpdates "HTTP/1.1 200 OK"
2025-10-28 17:38:00,970 - INFO - HTTP Request: POST https://api.telegram.org/bot8331159093:AAEHge-3YbJuBlACgxbRQ2k1JEg15SkEJPE/getUpdates "HTTP/1.1 200 OK"
2025-10-28 17:38:11,138 - INFO - HTTP Request: POST https://api.telegram.org/bot8331159093:AAEHge-3YbJuBlACgxbRQ2k1JEg15SkEJPE/getUpdates "HTTP/1.1 200 OK"
2025-10-28 17:38:21,318 - INFO - HTTP Request: POST https://api.telegram.org/bot8331159093:AAEHge-3YbJuBlACgxbRQ2k1JEg15SkEJPE/getUpdates "HTTP/1.1 200 OK"
2025-10-28 17:38:31,474 - INFO - HTTP Request: POST https://api.telegram.org/bot8331159093:AAEHge-3YbJuBlACgxbRQ2k1JEg15SkEJPE/getUpdates "HTTP/1.1 200 OK"
2025-10-28 17:38:41,629 - INFO - HTTP Request: POST https://api.telegram.org/bot8331159093:AAEHge-3YbJuBlACgxbRQ2k1JEg15SkEJPE/getUpdates "HTTP/1.1 200 OK"
2025-10-28 17:38:51,797 - INFO - HTTP Request: POST https://api.telegram.org/bot8331159093:AAEHge-3YbJuBlACgxbRQ2k1JEg15SkEJPE/getUpdates "HTTP/1.1 200 OK"
2025-10-28 17:39:02,437 - INFO - HTTP Request: POST https://api.telegram.org/bot8331159093:AAEHge-3YbJuBlACgxbRQ2k1JEg15SkEJPE/getUpdates "HTTP/1.1 200 OK"
2025-10-28 17:39:12,602 - INFO - HTTP Request: POST https://api.telegram.org/bot8331159093:AAEHge-3YbJuBlACgxbRQ2k1JEg15SkEJPE/getUpdates "HTTP/1.1 200 OK"
2025-10-28 17:39:22,762 - INFO - HTTP Request: POST https://api.telegram.org/bot8331159093:AAEHge-3YbJuBlACgxbRQ2k1JEg15SkEJPE/getUpdates "HTTP/1.1 200 OK"
2025-10-28 17:39:32,919 - INFO - HTTP Request: POST https://api.telegram.org/bot8331159093:AAEHge-3YbJuBlACgxbRQ2k1JEg15SkEJPE/getUpdates "HTTP/1.1 200 OK"
2025-10-28 17:39:43,076 - INFO - HTTP Request: POST https://api.telegram.org/bot8331159093:AAEHge-3YbJuBlACgxbRQ2k1JEg15SkEJPE/getUpdates "HTTP/1.1 200 OK"
2025-10-28 17:39:53,237 - INFO - HTTP Request: POST https://api.telegram.org/bot8331159093:AAEHge-3YbJuBlACgxbRQ2k1JEg15SkEJPE/getUpdates "HTTP/1.1 200 OK"
2025-10-28 17:40:03,396 - INFO - HTTP Request: POST https://api.telegram.org/bot8331159093:AAEHge-3YbJuBlACgxbRQ2k1JEg15SkEJPE/getUpdates "HTTP/1.1 200 OK"
2025-10-28 17:40:13,554 - INFO - HTTP Request: POST https://api.telegram.org/bot8331159093:AAEHge-3YbJuBlACgxbRQ2k1JEg15SkEJPE/getUpdates "HTTP/1.1 200 OK"
2025-10-28 17:40:23,712 - INFO - HTTP Request: POST https://api.telegram.org/bot8331159093:AAEHge-3YbJuBlACgxbRQ2k1JEg15SkEJPE/getUpdates "HTTP/1.1 200 OK"
2025-10-28 17:40:33,869 - INFO - HTTP Request: POST https://api.telegram.org/bot8331159093:AAEHge-3YbJuBlACgxbRQ2k1JEg15SkEJPE/getUpdates "HTTP/1.1 200 OK"
2025-10-28 17:40:44,028 - INFO - HTTP Request: POST https://api.telegram.org/bot8331159093:AAEHge-3YbJuBlACgxbRQ2k1JEg15SkEJPE/getUpdates "HTTP/1.1 200 OK"
2025-10-28 17:40:54,186 - INFO - HTTP Request: POST https://api.telegram.org/bot8331159093:AAEHge-3YbJuBlACgxbRQ2k1JEg15SkEJPE/getUpdates "HTTP/1.1 200 OK"
2025-10-28 17:41:04,342 - INFO - HTTP Request: POST https://api.telegram.org/bot8331159093:AAEHge-3YbJuBlACgxbRQ2k1JEg15SkEJPE/getUpdates "HTTP/1.1 200 OK"
2025-10-28 17:41:14,503 - INFO - HTTP Request: POST https://api.telegram.org/bot8331159093:AAEHge-3YbJuBlACgxbRQ2k1JEg15SkEJPE/getUpdates "HTTP/1.1 200 OK"
2025-10-28 17:41:24,661 - INFO - HTTP Request: POST https://api.telegram.org/bot8331159093:AAEHge-3YbJuBlACgxbRQ2k1JEg15SkEJPE/getUpdates "HTTP/1.1 200 OK"
2025-10-28 17:41:34,821 - INFO - HTTP Request: POST https://api.telegram.org/bot8331159093:AAEHge-3YbJuBlACgxbRQ2k1JEg15SkEJPE/getUpdates "HTTP/1.1 200 OK"
2025-10-28 17:41:44,979 - INFO - HTTP Request: POST https://api.telegram.org/bot8331159093:AAEHge-3YbJuBlACgxbRQ2k1JEg15SkEJPE/getUpdates "HTTP/1.1 200 OK"
2025-10-28 17:41:55,140 - INFO - HTTP Request: POST https://api.telegram.org/bot8331159093:AAEHge-3YbJuBlACgxbRQ2k1JEg15SkEJPE/getUpdates "HTTP/1.1 200 OK"
2025-10-28 17:42:05,302 - INFO - HTTP Request: POST https://api.telegram.org/bot8331159093:AAEHge-3YbJuBlACgxbRQ2k1JEg15SkEJPE/getUpdates "HTTP/1.1 200 OK"
2025-10-28 17:42:15,459 - INFO - HTTP Request: POST https://api.telegram.org/bot8331159093:AAEHge-3YbJuBlACgxbRQ2k1JEg15SkEJPE/getUpdates "HTTP/1.1 200 OK"
2025-10-28 17:42:25,616 - INFO - HTTP Request: POST https://api.telegram.org/bot8331159093:AAEHge-3YbJuBlACgxbRQ2k1JEg15SkEJPE/getUpdates "HTTP/1.1 200 OK"
2025-10-28 17:42:35,775 - INFO - HTTP Request: POST https://api.telegram.org/bot8331159093:AAEHge-3YbJuBlACgxbRQ2k1JEg15SkEJPE/getUpdates "HTTP/1.1 200 OK"
2025-10-28 17:42:45,929 - INFO - HTTP Request: POST https://api.telegram.org/bot8331159093:AAEHge-3YbJuBlACgxbRQ2k1JEg15SkEJPE/getUpdates "HTTP/1.1 200 OK"
2025-10-28 17:42:56,085 - INFO - HTTP Request: POST https://api.telegram.org/bot8331159093:AAEHge-3YbJuBlACgxbRQ2k1JEg15SkEJPE/getUpdates "HTTP/1.1 200 OK"
2025-10-28 17:43:06,245 - INFO - HTTP Request: POST https://api.telegram.org/bot8331159093:AAEHge-3YbJuBlACgxbRQ2k1JEg15SkEJPE/getUpdates "HTTP/1.1 200 OK"
2025-10-28 17:43:16,408 - INFO - HTTP Request: POST https://api.telegram.org/bot8331159093:AAEHge-3YbJuBlACgxbRQ2k1JEg15SkEJPE/getUpdates "HTTP/1.1 200 OK"
2025-10-28 17:43:26,566 - INFO - HTTP Request: POST https://api.telegram.org/bot8331159093:AAEHge-3YbJuBlACgxbRQ2k1JEg15SkEJPE/getUpdates "HTTP/1.1 200 OK"
2025-10-28 17:43:36,732 - INFO - HTTP Request: POST https://api.telegram.org/bot8331159093:AAEHge-3YbJuBlACgxbRQ2k1JEg15SkEJPE/getUpdates "HTTP/1.1 200 OK"
2025-10-28 17:43:46,892 - INFO - HTTP Request: POST https://api.telegram.org/bot8331159093:AAEHge-3YbJuBlACgxbRQ2k1JEg15SkEJPE/getUpdates "HTTP/1.1 200 OK"
2025-10-28 17:43:57,052 - INFO - HTTP Request: POST https://api.telegram.org/bot8331159093:AAEHge-3YbJuBlACgxbRQ2k1JEg15SkEJPE/getUpdates "HTTP/1.1 200 OK"
2025-10-28 17:44:07,213 - INFO - HTTP Request: POST https://api.telegram.org/bot8331159093:AAEHge-3YbJuBlACgxbRQ2k1JEg15SkEJPE/getUpdates "HTTP/1.1 200 OK"
2025-10-28 17:44:17,375 - INFO - HTTP Request: POST https://api.telegram.org/bot8331159093:AAEHge-3YbJuBlACgxbRQ2k1JEg15SkEJPE/getUpdates "HTTP/1.1 200 OK"
2025-10-28 17:44:27,535 - INFO - HTTP Request: POST https://api.telegram.org/bot8331159093:AAEHge-3YbJuBlACgxbRQ2k1JEg15SkEJPE/getUpdates "HTTP/1.1 200 OK"
2025-10-28 17:44:37,694 - INFO - HTTP Request: POST https://api.telegram.org/bot8331159093:AAEHge-3YbJuBlACgxbRQ2k1JEg15SkEJPE/getUpdates "HTTP/1.1 200 OK"
2025-10-28 17:44:47,854 - INFO - HTTP Request: POST https://api.telegram.org/bot8331159093:AAEHge-3YbJuBlACgxbRQ2k1JEg15SkEJPE/getUpdates "HTTP/1.1 200 OK"
2025-10-28 17:44:58,026 - INFO - HTTP Request: POST https://api.telegram.org/bot8331159093:AAEHge-3YbJuBlACgxbRQ2k1JEg15SkEJPE/getUpdates "HTTP/1.1 200 OK"
2025-10-28 17:45:08,190 - INFO - HTTP Request: POST https://api.telegram.org/bot8331159093:AAEHge-3YbJuBlACgxbRQ2k1JEg15SkEJPE/getUpdates "HTTP/1.1 200 OK"
2025-10-28 17:45:18,351 - INFO - HTTP Request: POST https://api.telegram.org/bot8331159093:AAEHge-3YbJuBlACgxbRQ2k1JEg15SkEJPE/getUpdates "HTTP/1.1 200 OK"
2025-10-28 17:45:28,513 - INFO - HTTP Request: POST https://api.telegram.org/bot8331159093:AAEHge-3YbJuBlACgxbRQ2k1JEg15SkEJPE/getUpdates "HTTP/1.1 200 OK"
2025-10-28 17:45:38,673 - INFO - HTTP Request: POST https://api.telegram.org/bot8331159093:AAEHge-3YbJuBlACgxbRQ2k1JEg15SkEJPE/getUpdates "HTTP/1.1 200 OK"
2025-10-28 17:45:48,867 - INFO - HTTP Request: POST https://api.telegram.org/bot8331159093:AAEHge-3YbJuBlACgxbRQ2k1JEg15SkEJPE/getUpdates "HTTP/1.1 200 OK"
2025-10-28 17:45:59,026 - INFO - HTTP Request: POST https://api.telegram.org/bot8331159093:AAEHge-3YbJuBlACgxbRQ2k1JEg15SkEJPE/getUpdates "HTTP/1.1 200 OK"
2025-10-28 17:46:09,202 - INFO - HTTP Request: POST https://api.telegram.org/bot8331159093:AAEHge-3YbJuBlACgxbRQ2k1JEg15SkEJPE/getUpdates "HTTP/1.1 200 OK"
2025-10-28 17:46:19,362 - INFO - HTTP Request: POST https://api.telegram.org/bot8331159093:AAEHge-3YbJuBlACgxbRQ2k1JEg15SkEJPE/getUpdates "HTTP/1.1 200 OK"
2025-10-28 17:46:29,523 - INFO - HTTP Request: POST https://api.telegram.org/bot8331159093:AAEHge-3YbJuBlACgxbRQ2k1JEg15SkEJPE/getUpdates "HTTP/1.1 200 OK"
2025-10-28 17:46:39,682 - INFO - HTTP Request: POST https://api.telegram.org/bot8331159093:AAEHge-3YbJuBlACgxbRQ2k1JEg15SkEJPE/getUpdates "HTTP/1.1 200 OK"
2025-10-28 17:46:49,847 - INFO - HTTP Request: POST https://api.telegram.org/bot8331159093:AAEHge-3YbJuBlACgxbRQ2k1JEg15SkEJPE/getUpdates "HTTP/1.1 200 OK"
2025-10-28 17:47:00,005 - INFO - HTTP Request: POST https://api.telegram.org/bot8331159093:AAEHge-3YbJuBlACgxbRQ2k1JEg15SkEJPE/getUpdates "HTTP/1.1 200 OK"
2025-10-28 17:47:10,164 - INFO - HTTP Request: POST https://api.telegram.org/bot8331159093:AAEHge-3YbJuBlACgxbRQ2k1JEg15SkEJPE/getUpdates "HTTP/1.1 200 OK"
2025-10-28 17:47:20,321 - INFO - HTTP Request: POST https://api.telegram.org/bot8331159093:AAEHge-3YbJuBlACgxbRQ2k1JEg15SkEJPE/getUpdates "HTTP/1.1 200 OK"
2025-10-28 17:47:30,475 - INFO - HTTP Request: POST https://api.telegram.org/bot8331159093:AAEHge-3YbJuBlACgxbRQ2k1JEg15SkEJPE/getUpdates "HTTP/1.1 200 OK"
2025-10-28 17:47:40,634 - INFO - HTTP Request: POST https://api.telegram.org/bot8331159093:AAEHge-3YbJuBlACgxbRQ2k1JEg15SkEJPE/getUpdates "HTTP/1.1 200 OK"
2025-10-28 17:47:50,790 - INFO - HTTP Request: POST https://api.telegram.org/bot8331159093:AAEHge-3YbJuBlACgxbRQ2k1JEg15SkEJPE/getUpdates "HTTP/1.1 200 OK"
2025-10-28 17:48:00,949 - INFO - HTTP Request: POST https://api.telegram.org/bot8331159093:AAEHge-3YbJuBlACgxbRQ2k1JEg15SkEJPE/getUpdates "HTTP/1.1 200 OK"
2025-10-28 17:48:11,105 - INFO - HTTP Request: POST https://api.telegram.org/bot8331159093:AAEHge-3YbJuBlACgxbRQ2k1JEg15SkEJPE/getUpdates "HTTP/1.1 200 OK"
2025-10-28 17:48:21,267 - INFO - HTTP Request: POST https://api.telegram.org/bot8331159093:AAEHge-3YbJuBlACgxbRQ2k1JEg15SkEJPE/getUpdates "HTTP/1.1 200 OK"
2025-10-28 17:48:31,425 - INFO - HTTP Request: POST https://api.telegram.org/bot8331159093:AAEHge-3YbJuBlACgxbRQ2k1JEg15SkEJPE/getUpdates "HTTP/1.1 200 OK"
2025-10-28 17:48:41,585 - INFO - HTTP Request: POST https://api.telegram.org/bot8331159093:AAEHge-3YbJuBlACgxbRQ2k1JEg15SkEJPE/getUpdates "HTTP/1.1 200 OK"
2025-10-28 17:48:51,742 - INFO - HTTP Request: POST https://api.telegram.org/bot8331159093:AAEHge-3YbJuBlACgxbRQ2k1JEg15SkEJPE/getUpdates "HTTP/1.1 200 OK"
2025-10-28 17:49:01,898 - INFO - HTTP Request: POST https://api.telegram.org/bot8331159093:AAEHge-3YbJuBlACgxbRQ2k1JEg15SkEJPE/getUpdates "HTTP/1.1 200 OK"
2025-10-28 17:49:12,057 - INFO - HTTP Request: POST https://api.telegram.org/bot8331159093:AAEHge-3YbJuBlACgxbRQ2k1JEg15SkEJPE/getUpdates "HTTP/1.1 200 OK"
2025-10-28 17:49:22,218 - INFO - HTTP Request: POST https://api.telegram.org/bot8331159093:AAEHge-3YbJuBlACgxbRQ2k1JEg15SkEJPE/getUpdates "HTTP/1.1 200 OK"
2025-10-28 17:49:32,381 - INFO - HTTP Request: POST https://api.telegram.org/bot8331159093:AAEHge-3YbJuBlACgxbRQ2k1JEg15SkEJPE/getUpdates "HTTP/1.1 200 OK"
2025-10-28 17:49:42,542 - INFO - HTTP Request: POST https://api.telegram.org/bot8331159093:AAEHge-3YbJuBlACgxbRQ2k1JEg15SkEJPE/getUpdates "HTTP/1.1 200 OK"
2025-10-28 17:49:52,702 - INFO - HTTP Request: POST https://api.telegram.org/bot8331159093:AAEHge-3YbJuBlACgxbRQ2k1JEg15SkEJPE/getUpdates "HTTP/1.1 200 OK"
2025-10-28 17:50:02,858 - INFO - HTTP Request: POST https://api.telegram.org/bot8331159093:AAEHge-3YbJuBlACgxbRQ2k1JEg15SkEJPE/getUpdates "HTTP/1.1 200 OK"
2025-10-28 17:50:13,019 - INFO - HTTP Request: POST https://api.telegram.org/bot8331159093:AAEHge-3YbJuBlACgxbRQ2k1JEg15SkEJPE/getUpdates "HTTP/1.1 200 OK"
2025-10-28 17:50:23,176 - INFO - HTTP Request: POST https://api.telegram.org/bot8331159093:AAEHge-3YbJuBlACgxbRQ2k1JEg15SkEJPE/getUpdates "HTTP/1.1 200 OK"
2025-10-28 17:50:33,355 - INFO - HTTP Request: POST https://api.telegram.org/bot8331159093:AAEHge-3YbJuBlACgxbRQ2k1JEg15SkEJPE/getUpdates "HTTP/1.1 200 OK"
2025-10-28 17:50:43,545 - INFO - HTTP Request: POST https://api.telegram.org/bot8331159093:AAEHge-3YbJuBlACgxbRQ2k1JEg15SkEJPE/getUpdates "HTTP/1.1 200 OK"
2025-10-28 17:50:53,707 - INFO - HTTP Request: POST https://api.telegram.org/bot8331159093:AAEHge-3YbJuBlACgxbRQ2k1JEg15SkEJPE/getUpdates "HTTP/1.1 200 OK"
2025-10-28 17:51:03,868 - INFO - HTTP Request: POST https://api.telegram.org/bot8331159093:AAEHge-3YbJuBlACgxbRQ2k1JEg15SkEJPE/getUpdates "HTTP/1.1 200 OK"
2025-10-28 17:51:14,029 - INFO - HTTP Request: POST https://api.telegram.org/bot8331159093:AAEHge-3YbJuBlACgxbRQ2k1JEg15SkEJPE/getUpdates "HTTP/1.1 200 OK"
2025-10-28 17:51:24,186 - INFO - HTTP Request: POST https://api.telegram.org/bot8331159093:AAEHge-3YbJuBlACgxbRQ2k1JEg15SkEJPE/getUpdates "HTTP/1.1 200 OK"
2025-10-28 17:51:34,359 - INFO - HTTP Request: POST https://api.telegram.org/bot8331159093:AAEHge-3YbJuBlACgxbRQ2k1JEg15SkEJPE/getUpdates "HTTP/1.1 200 OK"
2025-10-28 17:51:44,514 - INFO - HTTP Request: POST https://api.telegram.org/bot8331159093:AAEHge-3YbJuBlACgxbRQ2k1JEg15SkEJPE/getUpdates "HTTP/1.1 200 OK"
2025-10-28 17:51:54,671 - INFO - HTTP Request: POST https://api.telegram.org/bot8331159093:AAEHge-3YbJuBlACgxbRQ2k1JEg15SkEJPE/getUpdates "HTTP/1.1 200 OK"
2025-10-28 17:52:00,854 - INFO - Disconnecting from 91.108.56.200:443/TcpFull...
2025-10-28 17:52:00,856 - INFO - Disconnection from 91.108.56.200:443/TcpFull complete!
2025-10-28 17:52:04,833 - INFO - HTTP Request: POST https://api.telegram.org/bot8331159093:AAEHge-3YbJuBlACgxbRQ2k1JEg15SkEJPE/getUpdates "HTTP/1.1 200 OK"
2025-10-28 17:52:29,092 - INFO - Telegram bot is running...
2025-10-28 17:52:29,567 - INFO - HTTP Request: POST https://api.telegram.org/bot8331159093:AAEHge-3YbJuBlACgxbRQ2k1JEg15SkEJPE/getMe "HTTP/1.1 200 OK"
2025-10-28 17:52:29,719 - INFO - HTTP Request: POST https://api.telegram.org/bot8331159093:AAEHge-3YbJuBlACgxbRQ2k1JEg15SkEJPE/deleteWebhook "HTTP/1.1 200 OK"
2025-10-28 17:52:29,721 - INFO - Scheduler started
2025-10-28 17:52:29,721 - INFO - Application started
2025-10-28 17:52:30,948 - INFO - Starting Telegram monitor...
2025-10-28 17:52:30,948 - INFO - Connecting to 91.108.56.200:443/TcpFull...
2025-10-28 17:52:31,044 - INFO - Connection to 91.108.56.200:443/TcpFull complete!
2025-10-28 17:52:31,788 - INFO - Monitoring group: -4919334395
2025-10-28 17:52:40,181 - INFO - HTTP Request: POST https://api.telegram.org/bot8331159093:AAEHge-3YbJuBlACgxbRQ2k1JEg15SkEJPE/getUpdates "HTTP/1.1 200 OK"
2025-10-28 17:52:50,336 - INFO - HTTP Request: POST https://api.telegram.org/bot8331159093:AAEHge-3YbJuBlACgxbRQ2k1JEg15SkEJPE/getUpdates "HTTP/1.1 200 OK"
2025-10-28 17:53:00,492 - INFO - HTTP Request: POST https://api.telegram.org/bot8331159093:AAEHge-3YbJuBlACgxbRQ2k1JEg15SkEJPE/getUpdates "HTTP/1.1 200 OK"
2025-10-28 17:53:10,651 - INFO - HTTP Request: POST https://api.telegram.org/bot8331159093:AAEHge-3YbJuBlACgxbRQ2k1JEg15SkEJPE/getUpdates "HTTP/1.1 200 OK"
2025-10-28 17:53:19,194 - INFO - HTTP Request: POST https://api.telegram.org/bot8331159093:AAEHge-3YbJuBlACgxbRQ2k1JEg15SkEJPE/getUpdates "HTTP/1.1 200 OK"
2025-10-28 17:53:19,196 - INFO - Received update: Update(message=Message(channel_chat_created=False, chat=Chat(first_name='harlem', id=679484400, type=<ChatType.PRIVATE>, username='harlemshake0001'), date=datetime.datetime(2025, 10, 28, 12, 23, 19, tzinfo=datetime.timezone.utc), delete_chat_photo=False, entities=(MessageEntity(length=7, offset=0, type=<MessageEntityType.BOT_COMMAND>),), from_user=User(first_name='harlem', id=679484400, is_bot=False, language_code='en', username='harlemshake0001'), group_chat_created=False, message_id=36, supergroup_chat_created=False, text='/status'), update_id=376291358)
2025-10-28 17:53:19,864 - INFO - HTTP Request: POST https://api.telegram.org/bot8331159093:AAEHge-3YbJuBlACgxbRQ2k1JEg15SkEJPE/sendMessage "HTTP/1.1 200 OK"
2025-10-28 17:53:29,357 - INFO - HTTP Request: POST https://api.telegram.org/bot8331159093:AAEHge-3YbJuBlACgxbRQ2k1JEg15SkEJPE/getUpdates "HTTP/1.1 200 OK"
2025-10-28 17:53:39,511 - INFO - HTTP Request: POST https://api.telegram.org/bot8331159093:AAEHge-3YbJuBlACgxbRQ2k1JEg15SkEJPE/getUpdates "HTTP/1.1 200 OK"
2025-10-28 17:53:49,666 - INFO - HTTP Request: POST https://api.telegram.org/bot8331159093:AAEHge-3YbJuBlACgxbRQ2k1JEg15SkEJPE/getUpdates "HTTP/1.1 200 OK"
2025-10-28 17:53:59,820 - INFO - HTTP Request: POST https://api.telegram.org/bot8331159093:AAEHge-3YbJuBlACgxbRQ2k1JEg15SkEJPE/getUpdates "HTTP/1.1 200 OK"
2025-10-28 17:54:09,977 - INFO - HTTP Request: POST https://api.telegram.org/bot8331159093:AAEHge-3YbJuBlACgxbRQ2k1JEg15SkEJPE/getUpdates "HTTP/1.1 200 OK"
2025-10-28 17:54:19,952 - INFO - HTTP Request: POST https://api.telegram.org/bot8331159093:AAEHge-3YbJuBlACgxbRQ2k1JEg15SkEJPE/getUpdates "HTTP/1.1 200 OK"
2025-10-28 17:54:19,953 - INFO - Received update: Update(message=Message(channel_chat_created=False, chat=Chat(first_name='harlem', id=679484400, type=<ChatType.PRIVATE>, username='harlemshake0001'), date=datetime.datetime(2025, 10, 28, 12, 24, 20, tzinfo=datetime.timezone.utc), delete_chat_photo=False, entities=(MessageEntity(length=12, offset=0, type=<MessageEntityType.BOT_COMMAND>),), from_user=User(first_name='harlem', id=679484400, is_bot=False, language_code='en', username='harlemshake0001'), group_chat_created=False, message_id=39, supergroup_chat_created=False, text='/sync_sheets'), update_id=376291359)
2025-10-28 17:54:20,646 - INFO - HTTP Request: POST https://api.telegram.org/bot8331159093:AAEHge-3YbJuBlACgxbRQ2k1JEg15SkEJPE/sendMessage "HTTP/1.1 200 OK"
2025-10-28 17:54:30,108 - INFO - HTTP Request: POST https://api.telegram.org/bot8331159093:AAEHge-3YbJuBlACgxbRQ2k1JEg15SkEJPE/getUpdates "HTTP/1.1 200 OK"
2025-10-28 17:54:40,273 - INFO - HTTP Request: POST https://api.telegram.org/bot8331159093:AAEHge-3YbJuBlACgxbRQ2k1JEg15SkEJPE/getUpdates "HTTP/1.1 200 OK"
2025-10-28 17:54:50,429 - INFO - HTTP Request: POST https://api.telegram.org/bot8331159093:AAEHge-3YbJuBlACgxbRQ2k1JEg15SkEJPE/getUpdates "HTTP/1.1 200 OK"
2025-10-28 17:55:00,584 - INFO - HTTP Request: POST https://api.telegram.org/bot8331159093:AAEHge-3YbJuBlACgxbRQ2k1JEg15SkEJPE/getUpdates "HTTP/1.1 200 OK"
2025-10-28 17:55:10,748 - INFO - HTTP Request: POST https://api.telegram.org/bot8331159093:AAEHge-3YbJuBlACgxbRQ2k1JEg15SkEJPE/getUpdates "HTTP/1.1 200 OK"
2025-10-28 17:55:20,902 - INFO - HTTP Request: POST https://api.telegram.org/bot8331159093:AAEHge-3YbJuBlACgxbRQ2k1JEg15SkEJPE/getUpdates "HTTP/1.1 200 OK"
2025-10-28 17:55:31,056 - INFO - HTTP Request: POST https://api.telegram.org/bot8331159093:AAEHge-3YbJuBlACgxbRQ2k1JEg15SkEJPE/getUpdates "HTTP/1.1 200 OK"
2025-10-28 17:55:41,216 - INFO - HTTP Request: POST https://api.telegram.org/bot8331159093:AAEHge-3YbJuBlACgxbRQ2k1JEg15SkEJPE/getUpdates "HTTP/1.1 200 OK"
2025-10-28 17:55:51,372 - INFO - HTTP Request: POST https://api.telegram.org/bot8331159093:AAEHge-3YbJuBlACgxbRQ2k1JEg15SkEJPE/getUpdates "HTTP/1.1 200 OK"
2025-10-28 17:56:01,537 - INFO - HTTP Request: POST https://api.telegram.org/bot8331159093:AAEHge-3YbJuBlACgxbRQ2k1JEg15SkEJPE/getUpdates "HTTP/1.1 200 OK"
2025-10-28 17:56:11,690 - INFO - HTTP Request: POST https://api.telegram.org/bot8331159093:AAEHge-3YbJuBlACgxbRQ2k1JEg15SkEJPE/getUpdates "HTTP/1.1 200 OK"
2025-10-28 17:56:21,847 - INFO - HTTP Request: POST https://api.telegram.org/bot8331159093:AAEHge-3YbJuBlACgxbRQ2k1JEg15SkEJPE/getUpdates "HTTP/1.1 200 OK"
2025-10-28 17:56:32,003 - INFO - HTTP Request: POST https://api.telegram.org/bot8331159093:AAEHge-3YbJuBlACgxbRQ2k1JEg15SkEJPE/getUpdates "HTTP/1.1 200 OK"
2025-10-28 17:56:42,162 - INFO - HTTP Request: POST https://api.telegram.org/bot8331159093:AAEHge-3YbJuBlACgxbRQ2k1JEg15SkEJPE/getUpdates "HTTP/1.1 200 OK"
2025-10-28 17:56:52,328 - INFO - HTTP Request: POST https://api.telegram.org/bot8331159093:AAEHge-3YbJuBlACgxbRQ2k1JEg15SkEJPE/getUpdates "HTTP/1.1 200 OK"
2025-10-28 17:57:02,485 - INFO - HTTP Request: POST https://api.telegram.org/bot8331159093:AAEHge-3YbJuBlACgxbRQ2k1JEg15SkEJPE/getUpdates "HTTP/1.1 200 OK"
2025-10-28 17:57:12,656 - INFO - HTTP Request: POST https://api.telegram.org/bot8331159093:AAEHge-3YbJuBlACgxbRQ2k1JEg15SkEJPE/getUpdates "HTTP/1.1 200 OK"
2025-10-28 17:57:22,812 - INFO - HTTP Request: POST https://api.telegram.org/bot8331159093:AAEHge-3YbJuBlACgxbRQ2k1JEg15SkEJPE/getUpdates "HTTP/1.1 200 OK"
2025-10-28 17:57:32,971 - INFO - HTTP Request: POST https://api.telegram.org/bot8331159093:AAEHge-3YbJuBlACgxbRQ2k1JEg15SkEJPE/getUpdates "HTTP/1.1 200 OK"
2025-10-28 17:57:43,131 - INFO - HTTP Request: POST https://api.telegram.org/bot8331159093:AAEHge-3YbJuBlACgxbRQ2k1JEg15SkEJPE/getUpdates "HTTP/1.1 200 OK"
2025-10-28 17:57:53,290 - INFO - HTTP Request: POST https://api.telegram.org/bot8331159093:AAEHge-3YbJuBlACgxbRQ2k1JEg15SkEJPE/getUpdates "HTTP/1.1 200 OK"
2025-10-28 17:58:03,448 - INFO - HTTP Request: POST https://api.telegram.org/bot8331159093:AAEHge-3YbJuBlACgxbRQ2k1JEg15SkEJPE/getUpdates "HTTP/1.1 200 OK"
2025-10-28 17:58:13,604 - INFO - HTTP Request: POST https://api.telegram.org/bot8331159093:AAEHge-3YbJuBlACgxbRQ2k1JEg15SkEJPE/getUpdates "HTTP/1.1 200 OK"
2025-10-28 17:58:23,761 - INFO - HTTP Request: POST https://api.telegram.org/bot8331159093:AAEHge-3YbJuBlACgxbRQ2k1JEg15SkEJPE/getUpdates "HTTP/1.1 200 OK"
2025-10-28 17:58:33,921 - INFO - HTTP Request: POST https://api.telegram.org/bot8331159093:AAEHge-3YbJuBlACgxbRQ2k1JEg15SkEJPE/getUpdates "HTTP/1.1 200 OK"
2025-10-28 17:58:44,079 - INFO - HTTP Request: POST https://api.telegram.org/bot8331159093:AAEHge-3YbJuBlACgxbRQ2k1JEg15SkEJPE/getUpdates "HTTP/1.1 200 OK"
2025-10-28 17:58:54,234 - INFO - HTTP Request: POST https://api.telegram.org/bot8331159093:AAEHge-3YbJuBlACgxbRQ2k1JEg15SkEJPE/getUpdates "HTTP/1.1 200 OK"
2025-10-28 17:59:04,399 - INFO - HTTP Request: POST https://api.telegram.org/bot8331159093:AAEHge-3YbJuBlACgxbRQ2k1JEg15SkEJPE/getUpdates "HTTP/1.1 200 OK"
2025-10-28 17:59:14,557 - INFO - HTTP Request: POST https://api.telegram.org/bot8331159093:AAEHge-3YbJuBlACgxbRQ2k1JEg15SkEJPE/getUpdates "HTTP/1.1 200 OK"
2025-10-28 17:59:24,712 - INFO - HTTP Request: POST https://api.telegram.org/bot8331159093:AAEHge-3YbJuBlACgxbRQ2k1JEg15SkEJPE/getUpdates "HTTP/1.1 200 OK"
2025-10-28 17:59:34,869 - INFO - HTTP Request: POST https://api.telegram.org/bot8331159093:AAEHge-3YbJuBlACgxbRQ2k1JEg15SkEJPE/getUpdates "HTTP/1.1 200 OK"
2025-10-28 17:59:45,024 - INFO - HTTP Request: POST https://api.telegram.org/bot8331159093:AAEHge-3YbJuBlACgxbRQ2k1JEg15SkEJPE/getUpdates "HTTP/1.1 200 OK"
2025-10-28 17:59:55,176 - INFO - HTTP Request: POST https://api.telegram.org/bot8331159093:AAEHge-3YbJuBlACgxbRQ2k1JEg15SkEJPE/getUpdates "HTTP/1.1 200 OK"
2025-10-28 18:00:05,348 - INFO - HTTP Request: POST https://api.telegram.org/bot8331159093:AAEHge-3YbJuBlACgxbRQ2k1JEg15SkEJPE/getUpdates "HTTP/1.1 200 OK"
2025-10-28 18:00:15,503 - INFO - HTTP Request: POST https://api.telegram.org/bot8331159093:AAEHge-3YbJuBlACgxbRQ2k1JEg15SkEJPE/getUpdates "HTTP/1.1 200 OK"
2025-10-28 18:00:25,659 - INFO - HTTP Request: POST https://api.telegram.org/bot8331159093:AAEHge-3YbJuBlACgxbRQ2k1JEg15SkEJPE/getUpdates "HTTP/1.1 200 OK"
2025-10-28 18:00:35,812 - INFO - HTTP Request: POST https://api.telegram.org/bot8331159093:AAEHge-3YbJuBlACgxbRQ2k1JEg15SkEJPE/getUpdates "HTTP/1.1 200 OK"
2025-10-28 18:00:45,965 - INFO - HTTP Request: POST https://api.telegram.org/bot8331159093:AAEHge-3YbJuBlACgxbRQ2k1JEg15SkEJPE/getUpdates "HTTP/1.1 200 OK"
2025-10-28 18:00:56,122 - INFO - HTTP Request: POST https://api.telegram.org/bot8331159093:AAEHge-3YbJuBlACgxbRQ2k1JEg15SkEJPE/getUpdates "HTTP/1.1 200 OK"
2025-10-28 18:01:06,275 - INFO - HTTP Request: POST https://api.telegram.org/bot8331159093:AAEHge-3YbJuBlACgxbRQ2k1JEg15SkEJPE/getUpdates "HTTP/1.1 200 OK"
2025-10-28 18:01:16,431 - INFO - HTTP Request: POST https://api.telegram.org/bot8331159093:AAEHge-3YbJuBlACgxbRQ2k1JEg15SkEJPE/getUpdates "HTTP/1.1 200 OK"
2025-10-28 18:01:26,594 - INFO - HTTP Request: POST https://api.telegram.org/bot8331159093:AAEHge-3YbJuBlACgxbRQ2k1JEg15SkEJPE/getUpdates "HTTP/1.1 200 OK"
2025-10-28 18:01:36,749 - INFO - HTTP Request: POST https://api.telegram.org/bot8331159093:AAEHge-3YbJuBlACgxbRQ2k1JEg15SkEJPE/getUpdates "HTTP/1.1 200 OK"
2025-10-28 18:01:46,905 - INFO - HTTP Request: POST https://api.telegram.org/bot8331159093:AAEHge-3YbJuBlACgxbRQ2k1JEg15SkEJPE/getUpdates "HTTP/1.1 200 OK"
2025-10-28 18:01:57,061 - INFO - HTTP Request: POST https://api.telegram.org/bot8331159093:AAEHge-3YbJuBlACgxbRQ2k1JEg15SkEJPE/getUpdates "HTTP/1.1 200 OK"
2025-10-28 18:02:07,217 - INFO - HTTP Request: POST https://api.telegram.org/bot8331159093:AAEHge-3YbJuBlACgxbRQ2k1JEg15SkEJPE/getUpdates "HTTP/1.1 200 OK"
2025-10-28 18:02:17,374 - INFO - HTTP Request: POST https://api.telegram.org/bot8331159093:AAEHge-3YbJuBlACgxbRQ2k1JEg15SkEJPE/getUpdates "HTTP/1.1 200 OK"
2025-10-28 18:02:27,529 - INFO - HTTP Request: POST https://api.telegram.org/bot8331159093:AAEHge-3YbJuBlACgxbRQ2k1JEg15SkEJPE/getUpdates "HTTP/1.1 200 OK"
2025-10-28 18:02:28,445 - INFO - Disconnecting from 91.108.56.200:443/TcpFull...
2025-10-28 18:02:28,446 - INFO - Disconnection from 91.108.56.200:443/TcpFull complete!
2025-10-28 18:02:30,010 - INFO - Starting Telegram monitor...
2025-10-28 18:02:30,011 - INFO - Connecting to 91.108.56.200:443/TcpFull...
2025-10-28 18:02:30,195 - INFO - Connection to 91.108.56.200:443/TcpFull complete!
2025-10-28 18:02:31,404 - INFO - Monitoring group: -4919334395
2025-10-28 18:02:32,872 - INFO - HTTP Request: POST https://api.telegram.org/bot8331159093:AAEHge-3YbJuBlACgxbRQ2k1JEg15SkEJPE/getUpdates "HTTP/1.1 200 OK"
2025-10-28 18:02:32,874 - INFO - Application is stopping. This might take a moment.
2025-10-28 18:02:32,875 - INFO - Scheduler has been shut down
2025-10-28 18:02:32,897 - INFO - Application.stop() complete
2025-10-28 18:02:35,428 - INFO - Telegram bot is running...
2025-10-28 18:02:35,918 - INFO - HTTP Request: POST https://api.telegram.org/bot8331159093:AAEHge-3YbJuBlACgxbRQ2k1JEg15SkEJPE/getMe "HTTP/1.1 200 OK"
2025-10-28 18:02:36,074 - INFO - HTTP Request: POST https://api.telegram.org/bot8331159093:AAEHge-3YbJuBlACgxbRQ2k1JEg15SkEJPE/deleteWebhook "HTTP/1.1 200 OK"
2025-10-28 18:02:36,077 - INFO - Scheduler started
2025-10-28 18:02:36,077 - INFO - Application started
2025-10-28 18:02:46,547 - INFO - HTTP Request: POST https://api.telegram.org/bot8331159093:AAEHge-3YbJuBlACgxbRQ2k1JEg15SkEJPE/getUpdates "HTTP/1.1 200 OK"
2025-10-28 18:02:54,127 - INFO - HTTP Request: POST https://api.telegram.org/bot8331159093:AAEHge-3YbJuBlACgxbRQ2k1JEg15SkEJPE/getUpdates "HTTP/1.1 200 OK"
2025-10-28 18:02:54,130 - INFO - Received update: Update(message=Message(channel_chat_created=False, chat=Chat(first_name='harlem', id=679484400, type=<ChatType.PRIVATE>, username='harlemshake0001'), date=datetime.datetime(2025, 10, 28, 12, 32, 54, tzinfo=datetime.timezone.utc), delete_chat_photo=False, entities=(MessageEntity(length=12, offset=0, type=<MessageEntityType.BOT_COMMAND>),), from_user=User(first_name='harlem', id=679484400, is_bot=False, language_code='en', username='harlemshake0001'), group_chat_created=False, message_id=42, supergroup_chat_created=False, text='/sync_sheets'), update_id=376291360)
2025-10-28 18:02:54,811 - INFO - HTTP Request: POST https://api.telegram.org/bot8331159093:AAEHge-3YbJuBlACgxbRQ2k1JEg15SkEJPE/sendMessage "HTTP/1.1 200 OK"
2025-10-28 18:03:04,288 - INFO - HTTP Request: POST https://api.telegram.org/bot8331159093:AAEHge-3YbJuBlACgxbRQ2k1JEg15SkEJPE/getUpdates "HTTP/1.1 200 OK"
2025-10-28 18:03:14,444 - INFO - HTTP Request: POST https://api.telegram.org/bot8331159093:AAEHge-3YbJuBlACgxbRQ2k1JEg15SkEJPE/getUpdates "HTTP/1.1 200 OK"
2025-10-28 18:03:24,601 - INFO - HTTP Request: POST https://api.telegram.org/bot8331159093:AAEHge-3YbJuBlACgxbRQ2k1JEg15SkEJPE/getUpdates "HTTP/1.1 200 OK"
2025-10-28 18:03:34,760 - INFO - HTTP Request: POST https://api.telegram.org/bot8331159093:AAEHge-3YbJuBlACgxbRQ2k1JEg15SkEJPE/getUpdates "HTTP/1.1 200 OK"
2025-10-28 18:03:44,914 - INFO - HTTP Request: POST https://api.telegram.org/bot8331159093:AAEHge-3YbJuBlACgxbRQ2k1JEg15SkEJPE/getUpdates "HTTP/1.1 200 OK"
2025-10-28 18:03:55,071 - INFO - HTTP Request: POST https://api.telegram.org/bot8331159093:AAEHge-3YbJuBlACgxbRQ2k1JEg15SkEJPE/getUpdates "HTTP/1.1 200 OK"
2025-10-28 18:04:05,234 - INFO - HTTP Request: POST https://api.telegram.org/bot8331159093:AAEHge-3YbJuBlACgxbRQ2k1JEg15SkEJPE/getUpdates "HTTP/1.1 200 OK"
2025-10-28 18:04:15,392 - INFO - HTTP Request: POST https://api.telegram.org/bot8331159093:AAEHge-3YbJuBlACgxbRQ2k1JEg15SkEJPE/getUpdates "HTTP/1.1 200 OK"
2025-10-28 18:04:25,553 - INFO - HTTP Request: POST https://api.telegram.org/bot8331159093:AAEHge-3YbJuBlACgxbRQ2k1JEg15SkEJPE/getUpdates "HTTP/1.1 200 OK"
2025-10-28 18:04:34,066 - INFO - HTTP Request: POST https://api.telegram.org/bot8331159093:AAEHge-3YbJuBlACgxbRQ2k1JEg15SkEJPE/getUpdates "HTTP/1.1 200 OK"
2025-10-28 18:04:34,068 - INFO - Application is stopping. This might take a moment.
2025-10-28 18:04:34,069 - INFO - Scheduler has been shut down
2025-10-28 18:04:34,086 - INFO - Application.stop() complete
2025-10-28 18:04:37,609 - INFO - Telegram bot is running...
2025-10-28 18:04:38,081 - INFO - HTTP Request: POST https://api.telegram.org/bot8331159093:AAEHge-3YbJuBlACgxbRQ2k1JEg15SkEJPE/getMe "HTTP/1.1 200 OK"
2025-10-28 18:04:38,237 - INFO - HTTP Request: POST https://api.telegram.org/bot8331159093:AAEHge-3YbJuBlACgxbRQ2k1JEg15SkEJPE/deleteWebhook "HTTP/1.1 200 OK"
2025-10-28 18:04:38,240 - INFO - Scheduler started
2025-10-28 18:04:38,240 - INFO - Application started
2025-10-28 18:04:48,707 - INFO - HTTP Request: POST https://api.telegram.org/bot8331159093:AAEHge-3YbJuBlACgxbRQ2k1JEg15SkEJPE/getUpdates "HTTP/1.1 200 OK"
2025-10-28 18:04:58,863 - INFO - HTTP Request: POST https://api.telegram.org/bot8331159093:AAEHge-3YbJuBlACgxbRQ2k1JEg15SkEJPE/getUpdates "HTTP/1.1 200 OK"
2025-10-28 18:05:09,018 - INFO - HTTP Request: POST https://api.telegram.org/bot8331159093:AAEHge-3YbJuBlACgxbRQ2k1JEg15SkEJPE/getUpdates "HTTP/1.1 200 OK"
2025-10-28 18:05:19,172 - INFO - HTTP Request: POST https://api.telegram.org/bot8331159093:AAEHge-3YbJuBlACgxbRQ2k1JEg15SkEJPE/getUpdates "HTTP/1.1 200 OK"
2025-10-28 18:05:29,327 - INFO - HTTP Request: POST https://api.telegram.org/bot8331159093:AAEHge-3YbJuBlACgxbRQ2k1JEg15SkEJPE/getUpdates "HTTP/1.1 200 OK"
2025-10-28 18:05:39,483 - INFO - HTTP Request: POST https://api.telegram.org/bot8331159093:AAEHge-3YbJuBlACgxbRQ2k1JEg15SkEJPE/getUpdates "HTTP/1.1 200 OK"
2025-10-28 18:05:49,639 - INFO - HTTP Request: POST https://api.telegram.org/bot8331159093:AAEHge-3YbJuBlACgxbRQ2k1JEg15SkEJPE/getUpdates "HTTP/1.1 200 OK"
2025-10-28 18:05:59,794 - INFO - HTTP Request: POST https://api.telegram.org/bot8331159093:AAEHge-3YbJuBlACgxbRQ2k1JEg15SkEJPE/getUpdates "HTTP/1.1 200 OK"
2025-10-28 18:06:09,951 - INFO - HTTP Request: POST https://api.telegram.org/bot8331159093:AAEHge-3YbJuBlACgxbRQ2k1JEg15SkEJPE/getUpdates "HTTP/1.1 200 OK"
2025-10-28 18:06:20,108 - INFO - HTTP Request: POST https://api.telegram.org/bot8331159093:AAEHge-3YbJuBlACgxbRQ2k1JEg15SkEJPE/getUpdates "HTTP/1.1 200 OK"
2025-10-28 18:06:30,264 - INFO - HTTP Request: POST https://api.telegram.org/bot8331159093:AAEHge-3YbJuBlACgxbRQ2k1JEg15SkEJPE/getUpdates "HTTP/1.1 200 OK"
2025-10-28 18:06:40,420 - INFO - HTTP Request: POST https://api.telegram.org/bot8331159093:AAEHge-3YbJuBlACgxbRQ2k1JEg15SkEJPE/getUpdates "HTTP/1.1 200 OK"
2025-10-28 18:06:50,575 - INFO - HTTP Request: POST https://api.telegram.org/bot8331159093:AAEHge-3YbJuBlACgxbRQ2k1JEg15SkEJPE/getUpdates "HTTP/1.1 200 OK"
2025-10-28 18:07:00,733 - INFO - HTTP Request: POST https://api.telegram.org/bot8331159093:AAEHge-3YbJuBlACgxbRQ2k1JEg15SkEJPE/getUpdates "HTTP/1.1 200 OK"
2025-10-28 18:07:10,889 - INFO - HTTP Request: POST https://api.telegram.org/bot8331159093:AAEHge-3YbJuBlACgxbRQ2k1JEg15SkEJPE/getUpdates "HTTP/1.1 200 OK"
2025-10-28 18:07:21,048 - INFO - HTTP Request: POST https://api.telegram.org/bot8331159093:AAEHge-3YbJuBlACgxbRQ2k1JEg15SkEJPE/getUpdates "HTTP/1.1 200 OK"
2025-10-28 18:07:31,208 - INFO - HTTP Request: POST https://api.telegram.org/bot8331159093:AAEHge-3YbJuBlACgxbRQ2k1JEg15SkEJPE/getUpdates "HTTP/1.1 200 OK"
2025-10-28 18:07:41,365 - INFO - HTTP Request: POST https://api.telegram.org/bot8331159093:AAEHge-3YbJuBlACgxbRQ2k1JEg15SkEJPE/getUpdates "HTTP/1.1 200 OK"
2025-10-28 18:07:47,847 - INFO - HTTP Request: POST https://api.telegram.org/bot8331159093:AAEHge-3YbJuBlACgxbRQ2k1JEg15SkEJPE/getUpdates "HTTP/1.1 200 OK"
2025-10-28 18:07:47,848 - INFO - Application is stopping. This might take a moment.
2025-10-28 18:07:47,848 - INFO - Scheduler has been shut down
2025-10-28 18:07:47,862 - INFO - Application.stop() complete
2025-10-28 18:07:54,205 - INFO - Telegram bot is running...
2025-10-28 18:07:54,674 - INFO - HTTP Request: POST https://api.telegram.org/bot8331159093:AAEHge-3YbJuBlACgxbRQ2k1JEg15SkEJPE/getMe "HTTP/1.1 200 OK"
2025-10-28 18:07:54,830 - INFO - HTTP Request: POST https://api.telegram.org/bot8331159093:AAEHge-3YbJuBlACgxbRQ2k1JEg15SkEJPE/deleteWebhook "HTTP/1.1 200 OK"
2025-10-28 18:07:54,833 - INFO - Scheduler started
2025-10-28 18:07:54,834 - INFO - Application started
2025-10-28 18:08:05,295 - INFO - HTTP Request: POST https://api.telegram.org/bot8331159093:AAEHge-3YbJuBlACgxbRQ2k1JEg15SkEJPE/getUpdates "HTTP/1.1 200 OK"
2025-10-28 18:08:10,901 - INFO - HTTP Request: POST https://api.telegram.org/bot8331159093:AAEHge-3YbJuBlACgxbRQ2k1JEg15SkEJPE/getUpdates "HTTP/1.1 200 OK"
2025-10-28 18:08:10,905 - INFO - Received update: Update(message=Message(channel_chat_created=False, chat=Chat(first_name='harlem', id=679484400, type=<ChatType.PRIVATE>, username='harlemshake0001'), date=datetime.datetime(2025, 10, 28, 12, 38, 11, tzinfo=datetime.timezone.utc), delete_chat_photo=False, entities=(MessageEntity(length=12, offset=0, type=<MessageEntityType.BOT_COMMAND>),), from_user=User(first_name='harlem', id=679484400, is_bot=False, language_code='en', username='harlemshake0001'), group_chat_created=False, message_id=45, supergroup_chat_created=False, text='/sync_sheets'), update_id=376291361)
2025-10-28 18:08:11,620 - INFO - HTTP Request: POST https://api.telegram.org/bot8331159093:AAEHge-3YbJuBlACgxbRQ2k1JEg15SkEJPE/sendMessage "HTTP/1.1 200 OK"
2025-10-28 18:08:14,859 - INFO - HTTP Request: POST https://api.telegram.org/bot8331159093:AAEHge-3YbJuBlACgxbRQ2k1JEg15SkEJPE/sendMessage "HTTP/1.1 200 OK"
2025-10-28 18:08:21,060 - INFO - HTTP Request: POST https://api.telegram.org/bot8331159093:AAEHge-3YbJuBlACgxbRQ2k1JEg15SkEJPE/getUpdates "HTTP/1.1 200 OK"
2025-10-28 18:08:31,214 - INFO - HTTP Request: POST https://api.telegram.org/bot8331159093:AAEHge-3YbJuBlACgxbRQ2k1JEg15SkEJPE/getUpdates "HTTP/1.1 200 OK"
2025-10-28 18:08:41,370 - INFO - HTTP Request: POST https://api.telegram.org/bot8331159093:AAEHge-3YbJuBlACgxbRQ2k1JEg15SkEJPE/getUpdates "HTTP/1.1 200 OK"
2025-10-28 18:08:52,745 - INFO - HTTP Request: POST https://api.telegram.org/bot8331159093:AAEHge-3YbJuBlACgxbRQ2k1JEg15SkEJPE/getUpdates "HTTP/1.1 200 OK"
2025-10-28 18:09:02,897 - INFO - HTTP Request: POST https://api.telegram.org/bot8331159093:AAEHge-3YbJuBlACgxbRQ2k1JEg15SkEJPE/getUpdates "HTTP/1.1 200 OK"
2025-10-28 18:09:14,728 - INFO - HTTP Request: POST https://api.telegram.org/bot8331159093:AAEHge-3YbJuBlACgxbRQ2k1JEg15SkEJPE/getUpdates "HTTP/1.1 200 OK"
2025-10-28 18:09:24,881 - INFO - HTTP Request: POST https://api.telegram.org/bot8331159093:AAEHge-3YbJuBlACgxbRQ2k1JEg15SkEJPE/getUpdates "HTTP/1.1 200 OK"
2025-10-28 18:09:35,034 - INFO - HTTP Request: POST https://api.telegram.org/bot8331159093:AAEHge-3YbJuBlACgxbRQ2k1JEg15SkEJPE/getUpdates "HTTP/1.1 200 OK"
2025-10-28 18:09:45,189 - INFO - HTTP Request: POST https://api.telegram.org/bot8331159093:AAEHge-3YbJuBlACgxbRQ2k1JEg15SkEJPE/getUpdates "HTTP/1.1 200 OK"
2025-10-28 18:10:00,174 - INFO - HTTP Request: POST https://api.telegram.org/bot8331159093:AAEHge-3YbJuBlACgxbRQ2k1JEg15SkEJPE/getUpdates "HTTP/1.1 200 OK"
2025-10-28 18:10:10,329 - INFO - HTTP Request: POST https://api.telegram.org/bot8331159093:AAEHge-3YbJuBlACgxbRQ2k1JEg15SkEJPE/getUpdates "HTTP/1.1 200 OK"
2025-10-28 18:10:20,482 - INFO - HTTP Request: POST https://api.telegram.org/bot8331159093:AAEHge-3YbJuBlACgxbRQ2k1JEg15SkEJPE/getUpdates "HTTP/1.1 200 OK"
2025-10-28 18:10:30,639 - INFO - HTTP Request: POST https://api.telegram.org/bot8331159093:AAEHge-3YbJuBlACgxbRQ2k1JEg15SkEJPE/getUpdates "HTTP/1.1 200 OK"
2025-10-28 18:10:45,620 - INFO - HTTP Request: POST https://api.telegram.org/bot8331159093:AAEHge-3YbJuBlACgxbRQ2k1JEg15SkEJPE/getUpdates "HTTP/1.1 200 OK"
2025-10-28 18:10:55,776 - INFO - HTTP Request: POST https://api.telegram.org/bot8331159093:AAEHge-3YbJuBlACgxbRQ2k1JEg15SkEJPE/getUpdates "HTTP/1.1 200 OK"
2025-10-28 18:11:05,932 - INFO - HTTP Request: POST https://api.telegram.org/bot8331159093:AAEHge-3YbJuBlACgxbRQ2k1JEg15SkEJPE/getUpdates "HTTP/1.1 200 OK"
2025-10-28 18:11:16,089 - INFO - HTTP Request: POST https://api.telegram.org/bot8331159093:AAEHge-3YbJuBlACgxbRQ2k1JEg15SkEJPE/getUpdates "HTTP/1.1 200 OK"
2025-10-28 18:11:26,244 - INFO - HTTP Request: POST https://api.telegram.org/bot8331159093:AAEHge-3YbJuBlACgxbRQ2k1JEg15SkEJPE/getUpdates "HTTP/1.1 200 OK"
2025-10-28 18:11:36,400 - INFO - HTTP Request: POST https://api.telegram.org/bot8331159093:AAEHge-3YbJuBlACgxbRQ2k1JEg15SkEJPE/getUpdates "HTTP/1.1 200 OK"
2025-10-28 18:11:46,553 - INFO - HTTP Request: POST https://api.telegram.org/bot8331159093:AAEHge-3YbJuBlACgxbRQ2k1JEg15SkEJPE/getUpdates "HTTP/1.1 200 OK"
2025-10-28 18:11:56,705 - INFO - HTTP Request: POST https://api.telegram.org/bot8331159093:AAEHge-3YbJuBlACgxbRQ2k1JEg15SkEJPE/getUpdates "HTTP/1.1 200 OK"
2025-10-28 18:12:06,857 - INFO - HTTP Request: POST https://api.telegram.org/bot8331159093:AAEHge-3YbJuBlACgxbRQ2k1JEg15SkEJPE/getUpdates "HTTP/1.1 200 OK"
2025-10-28 18:12:17,010 - INFO - HTTP Request: POST https://api.telegram.org/bot8331159093:AAEHge-3YbJuBlACgxbRQ2k1JEg15SkEJPE/getUpdates "HTTP/1.1 200 OK"
2025-10-28 18:12:27,162 - INFO - HTTP Request: POST https://api.telegram.org/bot8331159093:AAEHge-3YbJuBlACgxbRQ2k1JEg15SkEJPE/getUpdates "HTTP/1.1 200 OK"
2025-10-28 18:12:37,316 - INFO - HTTP Request: POST https://api.telegram.org/bot8331159093:AAEHge-3YbJuBlACgxbRQ2k1JEg15SkEJPE/getUpdates "HTTP/1.1 200 OK"
2025-10-28 18:12:47,469 - INFO - HTTP Request: POST https://api.telegram.org/bot8331159093:AAEHge-3YbJuBlACgxbRQ2k1JEg15SkEJPE/getUpdates "HTTP/1.1 200 OK"
2025-10-28 18:12:57,623 - INFO - HTTP Request: POST https://api.telegram.org/bot8331159093:AAEHge-3YbJuBlACgxbRQ2k1JEg15SkEJPE/getUpdates "HTTP/1.1 200 OK"
2025-10-28 18:13:07,777 - INFO - HTTP Request: POST https://api.telegram.org/bot8331159093:AAEHge-3YbJuBlACgxbRQ2k1JEg15SkEJPE/getUpdates "HTTP/1.1 200 OK"
2025-10-28 18:13:17,933 - INFO - HTTP Request: POST https://api.telegram.org/bot8331159093:AAEHge-3YbJuBlACgxbRQ2k1JEg15SkEJPE/getUpdates "HTTP/1.1 200 OK"
2025-10-28 18:13:28,087 - INFO - HTTP Request: POST https://api.telegram.org/bot8331159093:AAEHge-3YbJuBlACgxbRQ2k1JEg15SkEJPE/getUpdates "HTTP/1.1 200 OK"
2025-10-28 18:13:38,242 - INFO - HTTP Request: POST https://api.telegram.org/bot8331159093:AAEHge-3YbJuBlACgxbRQ2k1JEg15SkEJPE/getUpdates "HTTP/1.1 200 OK"
2025-10-28 18:13:48,395 - INFO - HTTP Request: POST https://api.telegram.org/bot8331159093:AAEHge-3YbJuBlACgxbRQ2k1JEg15SkEJPE/getUpdates "HTTP/1.1 200 OK"
2025-10-28 18:13:58,548 - INFO - HTTP Request: POST https://api.telegram.org/bot8331159093:AAEHge-3YbJuBlACgxbRQ2k1JEg15SkEJPE/getUpdates "HTTP/1.1 200 OK"
2025-10-28 18:14:08,702 - INFO - HTTP Request: POST https://api.telegram.org/bot8331159093:AAEHge-3YbJuBlACgxbRQ2k1JEg15SkEJPE/getUpdates "HTTP/1.1 200 OK"
2025-10-28 18:14:18,856 - INFO - HTTP Request: POST https://api.telegram.org/bot8331159093:AAEHge-3YbJuBlACgxbRQ2k1JEg15SkEJPE/getUpdates "HTTP/1.1 200 OK"
2025-10-28 18:14:29,010 - INFO - HTTP Request: POST https://api.telegram.org/bot8331159093:AAEHge-3YbJuBlACgxbRQ2k1JEg15SkEJPE/getUpdates "HTTP/1.1 200 OK"
2025-10-28 18:14:39,165 - INFO - HTTP Request: POST https://api.telegram.org/bot8331159093:AAEHge-3YbJuBlACgxbRQ2k1JEg15SkEJPE/getUpdates "HTTP/1.1 200 OK"
2025-10-28 18:14:49,321 - INFO - HTTP Request: POST https://api.telegram.org/bot8331159093:AAEHge-3YbJuBlACgxbRQ2k1JEg15SkEJPE/getUpdates "HTTP/1.1 200 OK"
2025-10-28 18:14:59,474 - INFO - HTTP Request: POST https://api.telegram.org/bot8331159093:AAEHge-3YbJuBlACgxbRQ2k1JEg15SkEJPE/getUpdates "HTTP/1.1 200 OK"
2025-10-28 18:15:09,629 - INFO - HTTP Request: POST https://api.telegram.org/bot8331159093:AAEHge-3YbJuBlACgxbRQ2k1JEg15SkEJPE/getUpdates "HTTP/1.1 200 OK"
2025-10-28 18:15:19,783 - INFO - HTTP Request: POST https://api.telegram.org/bot8331159093:AAEHge-3YbJuBlACgxbRQ2k1JEg15SkEJPE/getUpdates "HTTP/1.1 200 OK"
2025-10-28 18:15:29,936 - INFO - HTTP Request: POST https://api.telegram.org/bot8331159093:AAEHge-3YbJuBlACgxbRQ2k1JEg15SkEJPE/getUpdates "HTTP/1.1 200 OK"
2025-10-28 18:15:40,089 - INFO - HTTP Request: POST https://api.telegram.org/bot8331159093:AAEHge-3YbJuBlACgxbRQ2k1JEg15SkEJPE/getUpdates "HTTP/1.1 200 OK"
2025-10-28 18:15:50,244 - INFO - HTTP Request: POST https://api.telegram.org/bot8331159093:AAEHge-3YbJuBlACgxbRQ2k1JEg15SkEJPE/getUpdates "HTTP/1.1 200 OK"
2025-10-28 18:16:00,396 - INFO - HTTP Request: POST https://api.telegram.org/bot8331159093:AAEHge-3YbJuBlACgxbRQ2k1JEg15SkEJPE/getUpdates "HTTP/1.1 200 OK"
2025-10-28 18:16:09,613 - INFO - HTTP Request: POST https://api.telegram.org/bot8331159093:AAEHge-3YbJuBlACgxbRQ2k1JEg15SkEJPE/getUpdates "HTTP/1.1 200 OK"
2025-10-28 18:16:09,614 - INFO - Application is stopping. This might take a moment.
2025-10-28 18:16:09,614 - INFO - Scheduler has been shut down
2025-10-28 18:16:09,633 - INFO - Application.stop() complete
2025-10-28 18:16:15,898 - INFO - Telegram bot is running...
2025-10-28 18:16:16,377 - INFO - HTTP Request: POST https://api.telegram.org/bot8331159093:AAEHge-3YbJuBlACgxbRQ2k1JEg15SkEJPE/getMe "HTTP/1.1 200 OK"
2025-10-28 18:16:16,534 - INFO - HTTP Request: POST https://api.telegram.org/bot8331159093:AAEHge-3YbJuBlACgxbRQ2k1JEg15SkEJPE/deleteWebhook "HTTP/1.1 200 OK"
2025-10-28 18:16:16,537 - INFO - Scheduler started
2025-10-28 18:16:16,538 - INFO - Application started
2025-10-28 18:16:27,013 - INFO - HTTP Request: POST https://api.telegram.org/bot8331159093:AAEHge-3YbJuBlACgxbRQ2k1JEg15SkEJPE/getUpdates "HTTP/1.1 200 OK"
2025-10-28 18:16:37,172 - INFO - HTTP Request: POST https://api.telegram.org/bot8331159093:AAEHge-3YbJuBlACgxbRQ2k1JEg15SkEJPE/getUpdates "HTTP/1.1 200 OK"
2025-10-28 18:16:47,342 - INFO - HTTP Request: POST https://api.telegram.org/bot8331159093:AAEHge-3YbJuBlACgxbRQ2k1JEg15SkEJPE/getUpdates "HTTP/1.1 200 OK"
2025-10-28 18:16:57,498 - INFO - HTTP Request: POST https://api.telegram.org/bot8331159093:AAEHge-3YbJuBlACgxbRQ2k1JEg15SkEJPE/getUpdates "HTTP/1.1 200 OK"
2025-10-28 18:17:06,290 - INFO - New message received: 105417
2025-10-28 18:17:07,655 - INFO - HTTP Request: POST https://api.telegram.org/bot8331159093:AAEHge-3YbJuBlACgxbRQ2k1JEg15SkEJPE/getUpdates "HTTP/1.1 200 OK"
2025-10-28 18:17:17,812 - INFO - HTTP Request: POST https://api.telegram.org/bot8331159093:AAEHge-3YbJuBlACgxbRQ2k1JEg15SkEJPE/getUpdates "HTTP/1.1 200 OK"
2025-10-28 18:17:19,226 - INFO - HTTP Request: POST https://api.telegram.org/bot8331159093:AAEHge-3YbJuBlACgxbRQ2k1JEg15SkEJPE/getUpdates "HTTP/1.1 200 OK"
2025-10-28 18:17:19,229 - INFO - Received update: Update(message=Message(channel_chat_created=False, chat=Chat(first_name='harlem', id=679484400, type=<ChatType.PRIVATE>, username='harlemshake0001'), date=datetime.datetime(2025, 10, 28, 12, 47, 19, tzinfo=datetime.timezone.utc), delete_chat_photo=False, entities=(MessageEntity(length=7, offset=0, type=<MessageEntityType.BOT_COMMAND>),), from_user=User(first_name='harlem', id=679484400, is_bot=False, language_code='en', username='harlemshake0001'), group_chat_created=False, message_id=48, supergroup_chat_created=False, text='/status'), update_id=376291362)
2025-10-28 18:17:19,969 - INFO - HTTP Request: POST https://api.telegram.org/bot8331159093:AAEHge-3YbJuBlACgxbRQ2k1JEg15SkEJPE/sendMessage "HTTP/1.1 200 OK"
2025-10-28 18:17:27,876 - INFO - HTTP Request: POST https://api.telegram.org/bot8331159093:AAEHge-3YbJuBlACgxbRQ2k1JEg15SkEJPE/getUpdates "HTTP/1.1 200 OK"
2025-10-28 18:17:27,878 - INFO - Received update: Update(message=Message(channel_chat_created=False, chat=Chat(first_name='harlem', id=679484400, type=<ChatType.PRIVATE>, username='harlemshake0001'), date=datetime.datetime(2025, 10, 28, 12, 47, 28, tzinfo=datetime.timezone.utc), delete_chat_photo=False, entities=(MessageEntity(length=6, offset=0, type=<MessageEntityType.BOT_COMMAND>),), from_user=User(first_name='harlem', id=679484400, is_bot=False, language_code='en', username='harlemshake0001'), group_chat_created=False, message_id=50, supergroup_chat_created=False, text='/start'), update_id=376291363)
2025-10-28 18:17:27,899 - INFO - Adding job tentatively -- it will be properly scheduled when the scheduler starts
2025-10-28 18:17:27,900 - INFO - Added job "process_jobs" to job store "default"
2025-10-28 18:17:27,900 - INFO - Scheduler started
2025-10-28 18:17:27,902 - INFO - Starting Telegram monitor...
2025-10-28 18:17:27,902 - INFO - Connecting to 91.108.56.200:443/TcpFull...
2025-10-28 18:17:27,999 - INFO - Connection to 91.108.56.200:443/TcpFull complete!
2025-10-28 18:17:32,276 - INFO - HTTP Request: POST https://api.telegram.org/bot8331159093:AAEHge-3YbJuBlACgxbRQ2k1JEg15SkEJPE/sendMessage "HTTP/1.1 200 OK"
2025-10-28 18:17:32,379 - INFO - Monitoring group: -4919334395
2025-10-28 18:17:38,059 - INFO - HTTP Request: POST https://api.telegram.org/bot8331159093:AAEHge-3YbJuBlACgxbRQ2k1JEg15SkEJPE/getUpdates "HTTP/1.1 200 OK"
2025-10-28 18:17:43,942 - INFO - HTTP Request: POST https://api.telegram.org/bot8331159093:AAEHge-3YbJuBlACgxbRQ2k1JEg15SkEJPE/getUpdates "HTTP/1.1 200 OK"
2025-10-28 18:17:43,944 - INFO - Received update: Update(message=Message(channel_chat_created=False, chat=Chat(first_name='harlem', id=679484400, type=<ChatType.PRIVATE>, username='harlemshake0001'), date=datetime.datetime(2025, 10, 28, 12, 47, 44, tzinfo=datetime.timezone.utc), delete_chat_photo=False, entities=(MessageEntity(length=8, offset=0, type=<MessageEntityType.BOT_COMMAND>),), from_user=User(first_name='harlem', id=679484400, is_bot=False, language_code='en', username='harlemshake0001'), group_chat_created=False, message_id=52, supergroup_chat_created=False, text='/process'), update_id=376291364)
2025-10-28 18:17:44,698 - INFO - HTTP Request: POST https://api.telegram.org/bot8331159093:AAEHge-3YbJuBlACgxbRQ2k1JEg15SkEJPE/sendMessage "HTTP/1.1 200 OK"
2025-10-28 18:17:44,698 - INFO - Starting job processing...
2025-10-28 18:17:54,103 - INFO - HTTP Request: POST https://api.telegram.org/bot8331159093:AAEHge-3YbJuBlACgxbRQ2k1JEg15SkEJPE/getUpdates "HTTP/1.1 200 OK"
2025-10-28 18:17:59,833 - WARNING - Cannot get difference for channel 1905581924 since the account is likely misusing the session: database is locked
2025-10-28 18:17:59,834 - INFO - Disconnecting from 91.108.56.200:443/TcpFull...
2025-10-28 18:17:59,835 - INFO - Disconnection from 91.108.56.200:443/TcpFull complete!
2025-10-28 18:18:04,260 - INFO - HTTP Request: POST https://api.telegram.org/bot8331159093:AAEHge-3YbJuBlACgxbRQ2k1JEg15SkEJPE/getUpdates "HTTP/1.1 200 OK"
2025-10-28 18:18:05,312 - ERROR - Task exception was never retrieved
future: <Task finished name='Task-69' coro=<TelegramBaseClient._disconnect_coro() done, defined at E:\Assignment_data\telegram automate\venv\Lib\site-packages\telethon\client\telegrambaseclient.py:716> exception=OperationalError('database is locked')>
Traceback (most recent call last):
  File "E:\Assignment_data\telegram automate\venv\Lib\site-packages\telethon\client\telegrambaseclient.py", line 746, in _disconnect_coro
    await self._save_states_and_entities()
  File "E:\Assignment_data\telegram automate\venv\Lib\site-packages\telethon\client\telegrambaseclient.py", line 701, in _save_states_and_entities
    self.session.process_entities(
    ~~~~~~~~~~~~~~~~~~~~~~~~~~~~~^
        types.contacts.ResolvedPeer(None, [types.InputPeerUser(0, self._mb_entity_cache.self_id)], [])
        ^^^^^^^^^^^^^^^^^^^^^^^^^^^^^^^^^^^^^^^^^^^^^^^^^^^^^^^^^^^^^^^^^^^^^^^^^^^^^^^^^^^^^^^^^^^^^^
    )
    ^
  File "E:\Assignment_data\telegram automate\venv\Lib\site-packages\telethon\sessions\sqlite.py", line 301, in process_entities
    c.executemany(
    ~~~~~~~~~~~~~^
        'insert or replace into entities values (?,?,?,?,?,?)', rows)
        ^^^^^^^^^^^^^^^^^^^^^^^^^^^^^^^^^^^^^^^^^^^^^^^^^^^^^^^^^^^^^
sqlite3.OperationalError: database is locked
2025-10-28 18:18:05,317 - INFO - Not disconnecting (already have no connection)
2025-10-28 18:18:10,796 - ERROR - Error setting up monitor: database is locked
